<?xml version="1.0" encoding="UTF-8"?>
<testng-results ignored="0" total="1" passed="1" failed="0" skipped="0">
  <reporter-output>
  </reporter-output>
  <suite started-at="2024-11-19T21:32:43 IST" name="Default suite" finished-at="2024-11-19T21:33:36 IST" duration-ms="53051">
    <groups>
    </groups>
    <test started-at="2024-11-19T21:32:43 IST" name="Default test" finished-at="2024-11-19T21:33:36 IST" duration-ms="53051">
      <class name="test.TestCaseExecution">
        <test-method is-config="true" signature="start()[pri:0, instance:test.TestCaseExecution@6e4784bc]" started-at="2024-11-19T21:32:43 IST" name="start" finished-at="2024-11-19T21:33:33 IST" duration-ms="50404" status="PASS">
          <reporter-output>
          </reporter-output>
        </test-method> <!-- start -->
        <test-method signature="testCaseOne()[pri:0, instance:test.TestCaseExecution@6e4784bc]" started-at="2024-11-19T21:33:33 IST" name="testCaseOne" finished-at="2024-11-19T21:33:35 IST" duration-ms="2050" status="PASS">
          <reporter-output>
          </reporter-output>
        </test-method> <!-- testCaseOne -->
        <test-method is-config="true" signature="finish()[pri:0, instance:test.TestCaseExecution@6e4784bc]" started-at="2024-11-19T21:33:35 IST" name="finish" finished-at="2024-11-19T21:33:36 IST" duration-ms="539" status="PASS">
          <reporter-output>
          </reporter-output>
        </test-method> <!-- finish -->
      </class> <!-- test.TestCaseExecution -->
    </test> <!-- Default test -->
  </suite> <!-- Default suite -->
</testng-results>
