<?xml version="1.0" encoding="UTF-8"?>
<testng-results ignored="0" total="1" passed="1" failed="0" skipped="0">
  <reporter-output>
  </reporter-output>
  <suite started-at="2024-11-21T21:29:50 IST" name="Default suite" finished-at="2024-11-21T21:30:46 IST" duration-ms="55519">
    <groups>
    </groups>
    <test started-at="2024-11-21T21:29:50 IST" name="Default test" finished-at="2024-11-21T21:30:46 IST" duration-ms="55519">
      <class name="test.TestCaseExecution">
        <test-method is-config="true" signature="start()[pri:0, instance:test.TestCaseExecution@6e4784bc]" started-at="2024-11-21T21:29:50 IST" name="start" finished-at="2024-11-21T21:30:41 IST" duration-ms="50374" status="PASS">
          <reporter-output>
          </reporter-output>
        </test-method> <!-- start -->
        <test-method signature="testCaseOne()[pri:0, instance:test.TestCaseExecution@6e4784bc]" started-at="2024-11-21T21:30:41 IST" name="testCaseOne" finished-at="2024-11-21T21:30:46 IST" duration-ms="4544" status="PASS">
          <reporter-output>
          </reporter-output>
        </test-method> <!-- testCaseOne -->
        <test-method is-config="true" signature="finish()[pri:0, instance:test.TestCaseExecution@6e4784bc]" started-at="2024-11-21T21:30:46 IST" name="finish" finished-at="2024-11-21T21:30:46 IST" duration-ms="395" status="PASS">
          <reporter-output>
          </reporter-output>
        </test-method> <!-- finish -->
      </class> <!-- test.TestCaseExecution -->
    </test> <!-- Default test -->
  </suite> <!-- Default suite -->
</testng-results>
